<?xml version="1.0" encoding="UTF-8"?>
<!-- Generated by org.testng.reporters.JUnitXMLReporter -->
<testsuite ignored="1" hostname="LAPTOP-3TR6LPOF" failures="0" tests="1" name="Default test" time="10.91" errors="0" timestamp="12 May 2025 10:20:14 GMT">
  <testcase classname="com.comcast.crm.vtigerapplicationtest.Product_Test" name="craeteProduct_Test" time="6.185"/>
  <testcase classname="com.comcast.crm.vtigerapplicationtest.Product_Test" name="createProductWithVendors_Test" time="0.0">
    <ignored/>
  </testcase> <!-- createProductWithVendors_Test -->
</testsuite> <!-- Default test -->
