<?xml version="1.0" encoding="UTF-8"?>
<!-- Generated by org.testng.reporters.JUnitXMLReporter -->
<testsuite ignored="1" hostname="LAPTOP-3TR6LPOF" failures="0" tests="1" name="Default test" time="15.353" errors="0" timestamp="09 May 2025 09:45:44 GMT">
  <testcase classname="com.comcast.crm.vtigerapplicationtest.PriceBook_Test" name="createAndSeachPriceBook_Test" time="11.773"/>
  <testcase classname="com.comcast.crm.vtigerapplicationtest.PriceBook_Test" name="createPriceBook_Test" time="0.0">
    <ignored/>
  </testcase> <!-- createPriceBook_Test -->
</testsuite> <!-- Default test -->
