<?xml version="1.0" encoding="UTF-8"?>
<testng-results ignored="10" total="22" passed="12" failed="0" skipped="0">
  <reporter-output>
    <line>
      <![CDATA[=======>PASS]]>
    </line>
    <line>
      <![CDATA[=======>PASS]]>
    </line>
    <line>
      <![CDATA[=======>PASS]]>
    </line>
    <line>
      <![CDATA[=======>PASS]]>
    </line>
    <line>
      <![CDATA[=======>PASS]]>
    </line>
    <line>
      <![CDATA[=======>PASS]]>
    </line>
    <line>
      <![CDATA[=======>PASS]]>
    </line>
    <line>
      <![CDATA[=======>PASS]]>
    </line>
    <line>
      <![CDATA[=======>PASS]]>
    </line>
  </reporter-output>
  <suite started-at="2025-05-13T04:49:28Z" name="Suite" finished-at="2025-05-13T04:52:33Z" duration-ms="185268">
    <groups>
      <group name="Smoke">
        <method signature="Contact_Test.createContact_Test()[pri:0, instance:com.comcast.crm.vtigerapplicationtest.Contact_Test@4b23c30a]" name="createContact_Test" class="com.comcast.crm.vtigerapplicationtest.Contact_Test"/>
        <method signature="Leads_Test.createLeads_Test()[pri:0, instance:com.comcast.crm.vtigerapplicationtest.Leads_Test@30e868be]" name="createLeads_Test" class="com.comcast.crm.vtigerapplicationtest.Leads_Test"/>
        <method signature="Organization_Test.createorg_Test()[pri:0, instance:com.comcast.crm.vtigerapplicationtest.Organization_Test@38089a5a]" name="createorg_Test" class="com.comcast.crm.vtigerapplicationtest.Organization_Test"/>
        <method signature="PriceBook_Test.createPriceBook_Test()[pri:0, instance:com.comcast.crm.vtigerapplicationtest.PriceBook_Test@66c92293]" name="createPriceBook_Test" class="com.comcast.crm.vtigerapplicationtest.PriceBook_Test"/>
        <method signature="Product_Test.craeteProduct_Test()[pri:0, instance:com.comcast.crm.vtigerapplicationtest.Product_Test@332796d3]" name="craeteProduct_Test" class="com.comcast.crm.vtigerapplicationtest.Product_Test"/>
        <method signature="Vendors_Test.createVendors_Test()[pri:0, instance:com.comcast.crm.vtigerapplicationtest.Vendors_Test@9ebe38b]" name="createVendors_Test" class="com.comcast.crm.vtigerapplicationtest.Vendors_Test"/>
      </group> <!-- Smoke -->
    </groups>
    <test started-at="2025-05-13T04:49:28Z" name="Test" finished-at="2025-05-13T04:52:33Z" duration-ms="185268">
      <class name="com.comcast.crm.vtigerapplicationtest.PriceBook_Test">
        <test-method is-config="true" signature="configBC(java.lang.String)[pri:0, instance:com.comcast.crm.vtigerapplicationtest.PriceBook_Test@66c92293]" started-at="2025-05-13T04:51:38Z" name="configBC" finished-at="2025-05-13T04:51:39Z" duration-ms="1023" status="PASS">
          <params>
            <param index="0">
              <value>
                <![CDATA[chrome]]>
              </value>
            </param>
          </params>
          <reporter-output>
          </reporter-output>
        </test-method> <!-- configBC -->
        <test-method is-config="true" signature="configBM()[pri:0, instance:com.comcast.crm.vtigerapplicationtest.PriceBook_Test@66c92293]" started-at="2025-05-13T04:51:39Z" name="configBM" finished-at="2025-05-13T04:51:40Z" duration-ms="960" status="PASS">
          <reporter-output>
          </reporter-output>
        </test-method> <!-- configBM -->
        <test-method signature="createAndSeachPriceBook_Test()[pri:0, instance:com.comcast.crm.vtigerapplicationtest.PriceBook_Test@66c92293]" started-at="2025-05-13T04:51:40Z" name="createAndSeachPriceBook_Test" finished-at="2025-05-13T04:51:52Z" duration-ms="12242" status="PASS">
          <reporter-output>
            <line>
              <![CDATA[=======>PASS]]>
            </line>
          </reporter-output>
        </test-method> <!-- createAndSeachPriceBook_Test -->
        <test-method is-config="true" signature="configAM()[pri:0, instance:com.comcast.crm.vtigerapplicationtest.PriceBook_Test@66c92293]" started-at="2025-05-13T04:51:52Z" name="configAM" finished-at="2025-05-13T04:51:53Z" duration-ms="1156" status="PASS">
          <reporter-output>
          </reporter-output>
        </test-method> <!-- configAM -->
        <test-method is-config="true" signature="configBM()[pri:0, instance:com.comcast.crm.vtigerapplicationtest.PriceBook_Test@66c92293]" started-at="2025-05-13T04:51:53Z" name="configBM" finished-at="2025-05-13T04:51:56Z" duration-ms="2501" status="PASS">
          <reporter-output>
          </reporter-output>
        </test-method> <!-- configBM -->
        <test-method signature="createPriceBook_Test()[pri:0, instance:com.comcast.crm.vtigerapplicationtest.PriceBook_Test@66c92293]" started-at="2025-05-13T04:51:56Z" name="createPriceBook_Test" finished-at="2025-05-13T04:52:02Z" duration-ms="6512" status="PASS">
          <reporter-output>
          </reporter-output>
        </test-method> <!-- createPriceBook_Test -->
        <test-method is-config="true" signature="configAM()[pri:0, instance:com.comcast.crm.vtigerapplicationtest.PriceBook_Test@66c92293]" started-at="2025-05-13T04:52:02Z" name="configAM" finished-at="2025-05-13T04:52:03Z" duration-ms="1188" status="PASS">
          <reporter-output>
          </reporter-output>
        </test-method> <!-- configAM -->
        <test-method is-config="true" signature="configAC()[pri:0, instance:com.comcast.crm.vtigerapplicationtest.PriceBook_Test@66c92293]" started-at="2025-05-13T04:52:03Z" name="configAC" finished-at="2025-05-13T04:52:03Z" duration-ms="163" status="PASS">
          <reporter-output>
          </reporter-output>
        </test-method> <!-- configAC -->
      </class> <!-- com.comcast.crm.vtigerapplicationtest.PriceBook_Test -->
      <class name="com.comcast.crm.vtigerapplicationtest.Organization_Test">
        <test-method is-config="true" signature="configBC(java.lang.String)[pri:0, instance:com.comcast.crm.vtigerapplicationtest.Organization_Test@38089a5a]" started-at="2025-05-13T04:50:48Z" name="configBC" finished-at="2025-05-13T04:50:49Z" duration-ms="1035" status="PASS">
          <params>
            <param index="0">
              <value>
                <![CDATA[chrome]]>
              </value>
            </param>
          </params>
          <reporter-output>
          </reporter-output>
        </test-method> <!-- configBC -->
        <test-method is-config="true" signature="configBM()[pri:0, instance:com.comcast.crm.vtigerapplicationtest.Organization_Test@38089a5a]" started-at="2025-05-13T04:50:49Z" name="configBM" finished-at="2025-05-13T04:50:50Z" duration-ms="891" status="PASS">
          <reporter-output>
          </reporter-output>
        </test-method> <!-- configBM -->
        <test-method signature="createOrgWithIndustry_Test()[pri:0, instance:com.comcast.crm.vtigerapplicationtest.Organization_Test@38089a5a]" started-at="2025-05-13T04:50:50Z" name="createOrgWithIndustry_Test" finished-at="2025-05-13T04:51:00Z" duration-ms="10202" status="PASS">
          <reporter-output>
          </reporter-output>
        </test-method> <!-- createOrgWithIndustry_Test -->
        <test-method is-config="true" signature="configAM()[pri:0, instance:com.comcast.crm.vtigerapplicationtest.Organization_Test@38089a5a]" started-at="2025-05-13T04:51:00Z" name="configAM" finished-at="2025-05-13T04:51:01Z" duration-ms="1173" status="PASS">
          <reporter-output>
          </reporter-output>
        </test-method> <!-- configAM -->
        <test-method is-config="true" signature="configBM()[pri:0, instance:com.comcast.crm.vtigerapplicationtest.Organization_Test@38089a5a]" started-at="2025-05-13T04:51:01Z" name="configBM" finished-at="2025-05-13T04:51:04Z" duration-ms="2307" status="PASS">
          <reporter-output>
          </reporter-output>
        </test-method> <!-- configBM -->
        <test-method signature="createOrgWithPhNumber_Test()[pri:0, instance:com.comcast.crm.vtigerapplicationtest.Organization_Test@38089a5a]" started-at="2025-05-13T04:51:04Z" name="createOrgWithPhNumber_Test" finished-at="2025-05-13T04:51:12Z" duration-ms="8190" status="PASS">
          <reporter-output>
          </reporter-output>
        </test-method> <!-- createOrgWithPhNumber_Test -->
        <test-method is-config="true" signature="configAM()[pri:0, instance:com.comcast.crm.vtigerapplicationtest.Organization_Test@38089a5a]" started-at="2025-05-13T04:51:12Z" name="configAM" finished-at="2025-05-13T04:51:13Z" duration-ms="1144" status="PASS">
          <reporter-output>
          </reporter-output>
        </test-method> <!-- configAM -->
        <test-method is-config="true" signature="configBM()[pri:0, instance:com.comcast.crm.vtigerapplicationtest.Organization_Test@38089a5a]" started-at="2025-05-13T04:51:13Z" name="configBM" finished-at="2025-05-13T04:51:15Z" duration-ms="2327" status="PASS">
          <reporter-output>
          </reporter-output>
        </test-method> <!-- configBM -->
        <test-method signature="createorg_Test()[pri:0, instance:com.comcast.crm.vtigerapplicationtest.Organization_Test@38089a5a]" started-at="2025-05-13T04:51:15Z" name="createorg_Test" finished-at="2025-05-13T04:51:23Z" duration-ms="8102" status="PASS">
          <reporter-output>
          </reporter-output>
        </test-method> <!-- createorg_Test -->
        <test-method is-config="true" signature="configAM()[pri:0, instance:com.comcast.crm.vtigerapplicationtest.Organization_Test@38089a5a]" started-at="2025-05-13T04:51:23Z" name="configAM" finished-at="2025-05-13T04:51:24Z" duration-ms="1150" status="PASS">
          <reporter-output>
          </reporter-output>
        </test-method> <!-- configAM -->
        <test-method is-config="true" signature="configAC()[pri:0, instance:com.comcast.crm.vtigerapplicationtest.Organization_Test@38089a5a]" started-at="2025-05-13T04:51:24Z" name="configAC" finished-at="2025-05-13T04:51:25Z" duration-ms="160" status="PASS">
          <reporter-output>
          </reporter-output>
        </test-method> <!-- configAC -->
      </class> <!-- com.comcast.crm.vtigerapplicationtest.Organization_Test -->
      <class name="com.comcast.crm.vtigerapplicationtest.Vendors_Test">
        <test-method is-config="true" signature="configBS()[pri:0, instance:com.comcast.crm.vtigerapplicationtest.Vendors_Test@9ebe38b]" started-at="2025-05-13T04:49:28Z" name="configBS" finished-at="2025-05-13T04:49:28Z" duration-ms="236" status="PASS">
          <reporter-output>
          </reporter-output>
        </test-method> <!-- configBS -->
        <test-method is-config="true" signature="configBC(java.lang.String)[pri:0, instance:com.comcast.crm.vtigerapplicationtest.Vendors_Test@9ebe38b]" started-at="2025-05-13T04:49:28Z" name="configBC" finished-at="2025-05-13T04:49:33Z" duration-ms="5154" status="PASS">
          <params>
            <param index="0">
              <value>
                <![CDATA[chrome]]>
              </value>
            </param>
          </params>
          <reporter-output>
          </reporter-output>
        </test-method> <!-- configBC -->
        <test-method is-config="true" signature="configBM()[pri:0, instance:com.comcast.crm.vtigerapplicationtest.Vendors_Test@9ebe38b]" started-at="2025-05-13T04:49:33Z" name="configBM" finished-at="2025-05-13T04:49:37Z" duration-ms="4193" status="PASS">
          <reporter-output>
          </reporter-output>
        </test-method> <!-- configBM -->
        <test-method signature="createVendors_Test()[pri:0, instance:com.comcast.crm.vtigerapplicationtest.Vendors_Test@9ebe38b]" started-at="2025-05-13T04:49:37Z" name="createVendors_Test" finished-at="2025-05-13T04:50:01Z" duration-ms="24112" status="PASS">
          <reporter-output>
            <line>
              <![CDATA[=======>PASS]]>
            </line>
          </reporter-output>
        </test-method> <!-- createVendors_Test -->
        <test-method is-config="true" signature="configAM()[pri:0, instance:com.comcast.crm.vtigerapplicationtest.Vendors_Test@9ebe38b]" started-at="2025-05-13T04:50:01Z" name="configAM" finished-at="2025-05-13T04:50:03Z" duration-ms="1500" status="PASS">
          <reporter-output>
          </reporter-output>
        </test-method> <!-- configAM -->
        <test-method is-config="true" signature="configAC()[pri:0, instance:com.comcast.crm.vtigerapplicationtest.Vendors_Test@9ebe38b]" started-at="2025-05-13T04:50:03Z" name="configAC" finished-at="2025-05-13T04:50:03Z" duration-ms="151" status="PASS">
          <reporter-output>
          </reporter-output>
        </test-method> <!-- configAC -->
        <test-method is-config="true" signature="configAS()[pri:0, instance:com.comcast.crm.vtigerapplicationtest.Vendors_Test@9ebe38b]" started-at="2025-05-13T04:52:33Z" name="configAS" finished-at="2025-05-13T04:52:33Z" duration-ms="3" status="PASS">
          <reporter-output>
          </reporter-output>
        </test-method> <!-- configAS -->
      </class> <!-- com.comcast.crm.vtigerapplicationtest.Vendors_Test -->
      <class name="com.comcast.crm.vtigerapplicationtest.Product_Test">
        <test-method is-config="true" signature="configBC(java.lang.String)[pri:0, instance:com.comcast.crm.vtigerapplicationtest.Product_Test@332796d3]" started-at="2025-05-13T04:52:03Z" name="configBC" finished-at="2025-05-13T04:52:04Z" duration-ms="1020" status="PASS">
          <params>
            <param index="0">
              <value>
                <![CDATA[chrome]]>
              </value>
            </param>
          </params>
          <reporter-output>
          </reporter-output>
        </test-method> <!-- configBC -->
        <test-method is-config="true" signature="configBM()[pri:0, instance:com.comcast.crm.vtigerapplicationtest.Product_Test@332796d3]" started-at="2025-05-13T04:52:04Z" name="configBM" finished-at="2025-05-13T04:52:06Z" duration-ms="1077" status="PASS">
          <reporter-output>
          </reporter-output>
        </test-method> <!-- configBM -->
        <test-method signature="craeteProduct_Test()[pri:0, instance:com.comcast.crm.vtigerapplicationtest.Product_Test@332796d3]" started-at="2025-05-13T04:52:06Z" name="craeteProduct_Test" finished-at="2025-05-13T04:52:15Z" duration-ms="9535" status="PASS">
          <reporter-output>
            <line>
              <![CDATA[=======>PASS]]>
            </line>
          </reporter-output>
        </test-method> <!-- craeteProduct_Test -->
        <test-method is-config="true" signature="configAM()[pri:0, instance:com.comcast.crm.vtigerapplicationtest.Product_Test@332796d3]" started-at="2025-05-13T04:52:15Z" name="configAM" finished-at="2025-05-13T04:52:16Z" duration-ms="1161" status="PASS">
          <reporter-output>
          </reporter-output>
        </test-method> <!-- configAM -->
        <test-method is-config="true" signature="configBM()[pri:0, instance:com.comcast.crm.vtigerapplicationtest.Product_Test@332796d3]" started-at="2025-05-13T04:52:16Z" name="configBM" finished-at="2025-05-13T04:52:19Z" duration-ms="2324" status="PASS">
          <reporter-output>
          </reporter-output>
        </test-method> <!-- configBM -->
        <test-method signature="createProductWithVendors_Test()[pri:0, instance:com.comcast.crm.vtigerapplicationtest.Product_Test@332796d3]" started-at="2025-05-13T04:52:19Z" name="createProductWithVendors_Test" finished-at="2025-05-13T04:52:32Z" duration-ms="13277" status="PASS">
          <reporter-output>
            <line>
              <![CDATA[=======>PASS]]>
            </line>
            <line>
              <![CDATA[=======>PASS]]>
            </line>
            <line>
              <![CDATA[=======>PASS]]>
            </line>
          </reporter-output>
        </test-method> <!-- createProductWithVendors_Test -->
        <test-method is-config="true" signature="configAM()[pri:0, instance:com.comcast.crm.vtigerapplicationtest.Product_Test@332796d3]" started-at="2025-05-13T04:52:32Z" name="configAM" finished-at="2025-05-13T04:52:33Z" duration-ms="1178" status="PASS">
          <reporter-output>
          </reporter-output>
        </test-method> <!-- configAM -->
        <test-method is-config="true" signature="configAC()[pri:0, instance:com.comcast.crm.vtigerapplicationtest.Product_Test@332796d3]" started-at="2025-05-13T04:52:33Z" name="configAC" finished-at="2025-05-13T04:52:33Z" duration-ms="158" status="PASS">
          <reporter-output>
          </reporter-output>
        </test-method> <!-- configAC -->
      </class> <!-- com.comcast.crm.vtigerapplicationtest.Product_Test -->
      <class name="com.comcast.crm.vtigerapplicationtest.Contact_Test">
        <test-method is-config="true" signature="configBC(java.lang.String)[pri:0, instance:com.comcast.crm.vtigerapplicationtest.Contact_Test@4b23c30a]" started-at="2025-05-13T04:50:03Z" name="configBC" finished-at="2025-05-13T04:50:04Z" duration-ms="1020" status="PASS">
          <params>
            <param index="0">
              <value>
                <![CDATA[chrome]]>
              </value>
            </param>
          </params>
          <reporter-output>
          </reporter-output>
        </test-method> <!-- configBC -->
        <test-method is-config="true" signature="configBM()[pri:0, instance:com.comcast.crm.vtigerapplicationtest.Contact_Test@4b23c30a]" started-at="2025-05-13T04:50:04Z" name="configBM" finished-at="2025-05-13T04:50:05Z" duration-ms="844" status="PASS">
          <reporter-output>
          </reporter-output>
        </test-method> <!-- configBM -->
        <test-method signature="createContactWithOrg_Test()[pri:0, instance:com.comcast.crm.vtigerapplicationtest.Contact_Test@4b23c30a]" started-at="2025-05-13T04:50:05Z" name="createContactWithOrg_Test" finished-at="2025-05-13T04:50:24Z" duration-ms="18958" status="PASS">
          <reporter-output>
            <line>
              <![CDATA[=======>PASS]]>
            </line>
            <line>
              <![CDATA[=======>PASS]]>
            </line>
          </reporter-output>
        </test-method> <!-- createContactWithOrg_Test -->
        <test-method is-config="true" signature="configAM()[pri:0, instance:com.comcast.crm.vtigerapplicationtest.Contact_Test@4b23c30a]" started-at="2025-05-13T04:50:24Z" name="configAM" finished-at="2025-05-13T04:50:25Z" duration-ms="1129" status="PASS">
          <reporter-output>
          </reporter-output>
        </test-method> <!-- configAM -->
        <test-method is-config="true" signature="configBM()[pri:0, instance:com.comcast.crm.vtigerapplicationtest.Contact_Test@4b23c30a]" started-at="2025-05-13T04:50:25Z" name="configBM" finished-at="2025-05-13T04:50:27Z" duration-ms="2225" status="PASS">
          <reporter-output>
          </reporter-output>
        </test-method> <!-- configBM -->
        <test-method signature="createContactWithSupportDate_Test()[pri:0, instance:com.comcast.crm.vtigerapplicationtest.Contact_Test@4b23c30a]" started-at="2025-05-13T04:50:27Z" name="createContactWithSupportDate_Test" finished-at="2025-05-13T04:50:35Z" duration-ms="7773" status="PASS">
          <reporter-output>
            <line>
              <![CDATA[=======>PASS]]>
            </line>
          </reporter-output>
        </test-method> <!-- createContactWithSupportDate_Test -->
        <test-method is-config="true" signature="configAM()[pri:0, instance:com.comcast.crm.vtigerapplicationtest.Contact_Test@4b23c30a]" started-at="2025-05-13T04:50:35Z" name="configAM" finished-at="2025-05-13T04:50:36Z" duration-ms="1143" status="PASS">
          <reporter-output>
          </reporter-output>
        </test-method> <!-- configAM -->
        <test-method is-config="true" signature="configBM()[pri:0, instance:com.comcast.crm.vtigerapplicationtest.Contact_Test@4b23c30a]" started-at="2025-05-13T04:50:36Z" name="configBM" finished-at="2025-05-13T04:50:38Z" duration-ms="2316" status="PASS">
          <reporter-output>
          </reporter-output>
        </test-method> <!-- configBM -->
        <test-method signature="createContact_Test()[pri:0, instance:com.comcast.crm.vtigerapplicationtest.Contact_Test@4b23c30a]" started-at="2025-05-13T04:50:38Z" name="createContact_Test" finished-at="2025-05-13T04:50:47Z" duration-ms="8059" status="PASS">
          <reporter-output>
          </reporter-output>
        </test-method> <!-- createContact_Test -->
        <test-method is-config="true" signature="configAM()[pri:0, instance:com.comcast.crm.vtigerapplicationtest.Contact_Test@4b23c30a]" started-at="2025-05-13T04:50:47Z" name="configAM" finished-at="2025-05-13T04:50:48Z" duration-ms="1194" status="PASS">
          <reporter-output>
          </reporter-output>
        </test-method> <!-- configAM -->
        <test-method is-config="true" signature="configAC()[pri:0, instance:com.comcast.crm.vtigerapplicationtest.Contact_Test@4b23c30a]" started-at="2025-05-13T04:50:48Z" name="configAC" finished-at="2025-05-13T04:50:48Z" duration-ms="177" status="PASS">
          <reporter-output>
          </reporter-output>
        </test-method> <!-- configAC -->
      </class> <!-- com.comcast.crm.vtigerapplicationtest.Contact_Test -->
      <class name="com.comcast.crm.vtigerapplicationtest.Leads_Test">
        <test-method is-config="true" signature="configBC(java.lang.String)[pri:0, instance:com.comcast.crm.vtigerapplicationtest.Leads_Test@30e868be]" started-at="2025-05-13T04:51:25Z" name="configBC" finished-at="2025-05-13T04:51:26Z" duration-ms="1062" status="PASS">
          <params>
            <param index="0">
              <value>
                <![CDATA[chrome]]>
              </value>
            </param>
          </params>
          <reporter-output>
          </reporter-output>
        </test-method> <!-- configBC -->
        <test-method is-config="true" signature="configBM()[pri:0, instance:com.comcast.crm.vtigerapplicationtest.Leads_Test@30e868be]" started-at="2025-05-13T04:51:26Z" name="configBM" finished-at="2025-05-13T04:51:27Z" duration-ms="1030" status="PASS">
          <reporter-output>
          </reporter-output>
        </test-method> <!-- configBM -->
        <test-method signature="createLeads_Test()[pri:0, instance:com.comcast.crm.vtigerapplicationtest.Leads_Test@30e868be]" started-at="2025-05-13T04:51:27Z" name="createLeads_Test" finished-at="2025-05-13T04:51:36Z" duration-ms="9753" status="PASS">
          <reporter-output>
          </reporter-output>
        </test-method> <!-- createLeads_Test -->
        <test-method is-config="true" signature="configAM()[pri:0, instance:com.comcast.crm.vtigerapplicationtest.Leads_Test@30e868be]" started-at="2025-05-13T04:51:36Z" name="configAM" finished-at="2025-05-13T04:51:38Z" duration-ms="1143" status="PASS">
          <reporter-output>
          </reporter-output>
        </test-method> <!-- configAM -->
        <test-method is-config="true" signature="configAC()[pri:0, instance:com.comcast.crm.vtigerapplicationtest.Leads_Test@30e868be]" started-at="2025-05-13T04:51:38Z" name="configAC" finished-at="2025-05-13T04:51:38Z" duration-ms="147" status="PASS">
          <reporter-output>
          </reporter-output>
        </test-method> <!-- configAC -->
      </class> <!-- com.comcast.crm.vtigerapplicationtest.Leads_Test -->
    </test> <!-- Test -->
  </suite> <!-- Suite -->
</testng-results>
